<?xml version="1.0" encoding="UTF-8"?>
<!-- Generated by org.testng.reporters.JUnitXMLReporter -->
<testsuite ignored="0" hostname="Faheem-Ahmed-Dell" failures="0" tests="10" name="Surefire test" time="17.523" errors="0" timestamp="2024-10-10T02:24:36 PKT">
  <testcase classname="api.test.DDTests" name="testPostUser" time="3.239"/>
  <testcase classname="api.test.DDTests" name="testPostUser" time="1.326"/>
  <testcase classname="api.test.DDTests" name="testPostUser" time="1.333"/>
  <testcase classname="api.test.DDTests" name="testDeleteUser" time="1.143"/>
  <testcase classname="api.test.DDTests" name="testDeleteUser" time="1.228"/>
  <testcase classname="api.test.DDTests" name="testDeleteUser" time="1.392"/>
  <testcase classname="api.test.UserTests" name="testPostUser" time="1.209"/>
  <testcase classname="api.test.UserTests" name="testGetUserByName" time="1.299"/>
  <testcase classname="api.test.UserTests" name="testUpdateUserByName" time="2.549"/>
  <testcase classname="api.test.UserTests" name="testDeleteUserByName" time="1.391"/>
</testsuite> <!-- Surefire test -->
