<?xml version="1.0" encoding="UTF-8"?>
<testng-results ignored="0" total="10" passed="10" failed="0" skipped="0">
  <reporter-output>
  </reporter-output>
  <suite started-at="2024-10-10T16:53:40 PKT" name="PetSuite" finished-at="2024-10-10T16:53:53 PKT" duration-ms="13095">
    <groups>
    </groups>
    <test started-at="2024-10-10T16:53:40 PKT" name="PetTests" finished-at="2024-10-10T16:53:53 PKT" duration-ms="13095">
      <class name="api.test.UserTests2">
        <test-method is-config="true" signature="setup()[pri:0, instance:api.test.UserTests2@4c5474f5]" started-at="2024-10-10T16:53:40 PKT" name="setup" finished-at="2024-10-10T16:53:41 PKT" duration-ms="142" status="PASS">
          <reporter-output>
          </reporter-output>
        </test-method> <!-- setup -->
        <test-method signature="testPostUser()[pri:1, instance:api.test.UserTests2@4c5474f5]" started-at="2024-10-10T16:53:41 PKT" name="testPostUser" finished-at="2024-10-10T16:53:43 PKT" duration-ms="2129" status="PASS">
          <reporter-output>
          </reporter-output>
        </test-method> <!-- testPostUser -->
        <test-method signature="testGetUserByName()[pri:2, instance:api.test.UserTests2@4c5474f5]" started-at="2024-10-10T16:53:43 PKT" name="testGetUserByName" finished-at="2024-10-10T16:53:44 PKT" duration-ms="1058" status="PASS">
          <reporter-output>
          </reporter-output>
        </test-method> <!-- testGetUserByName -->
        <test-method signature="testUpdateUserByName()[pri:3, instance:api.test.UserTests2@4c5474f5]" started-at="2024-10-10T16:53:44 PKT" name="testUpdateUserByName" finished-at="2024-10-10T16:53:46 PKT" duration-ms="2022" status="PASS">
          <reporter-output>
          </reporter-output>
        </test-method> <!-- testUpdateUserByName -->
        <test-method signature="testDeleteUserByName()[pri:4, instance:api.test.UserTests2@4c5474f5]" started-at="2024-10-10T16:53:46 PKT" name="testDeleteUserByName" finished-at="2024-10-10T16:53:47 PKT" duration-ms="1028" status="PASS">
          <reporter-output>
          </reporter-output>
        </test-method> <!-- testDeleteUserByName -->
      </class> <!-- api.test.UserTests2 -->
      <class name="api.test.DDTests">
        <test-method signature="testPostUser(java.lang.String,java.lang.String,java.lang.String,java.lang.String,java.lang.String,java.lang.String,java.lang.String)[pri:1, instance:api.test.DDTests@2e61d218]" started-at="2024-10-10T16:53:48 PKT" name="testPostUser" data-provider="Data" finished-at="2024-10-10T16:53:48 PKT" duration-ms="973" status="PASS">
          <params>
            <param index="0">
              <value>
                <![CDATA[1010]]>
              </value>
            </param>
            <param index="1">
              <value>
                <![CDATA[testuser1]]>
              </value>
            </param>
            <param index="2">
              <value>
                <![CDATA[Hamid]]>
              </value>
            </param>
            <param index="3">
              <value>
                <![CDATA[Ali]]>
              </value>
            </param>
            <param index="4">
              <value>
                <![CDATA[a@gmail.com]]>
              </value>
            </param>
            <param index="5">
              <value>
                <![CDATA[pass@1]]>
              </value>
            </param>
            <param index="6">
              <value>
                <![CDATA[12345678]]>
              </value>
            </param>
          </params>
          <reporter-output>
          </reporter-output>
        </test-method> <!-- testPostUser -->
        <test-method signature="testPostUser(java.lang.String,java.lang.String,java.lang.String,java.lang.String,java.lang.String,java.lang.String,java.lang.String)[pri:1, instance:api.test.DDTests@2e61d218]" started-at="2024-10-10T16:53:48 PKT" name="testPostUser" data-provider="Data" finished-at="2024-10-10T16:53:49 PKT" duration-ms="1009" status="PASS">
          <params>
            <param index="0">
              <value>
                <![CDATA[1020]]>
              </value>
            </param>
            <param index="1">
              <value>
                <![CDATA[testuser2]]>
              </value>
            </param>
            <param index="2">
              <value>
                <![CDATA[Faheem]]>
              </value>
            </param>
            <param index="3">
              <value>
                <![CDATA[Ahmed]]>
              </value>
            </param>
            <param index="4">
              <value>
                <![CDATA[b@gmail.com]]>
              </value>
            </param>
            <param index="5">
              <value>
                <![CDATA[pass@2]]>
              </value>
            </param>
            <param index="6">
              <value>
                <![CDATA[87654321]]>
              </value>
            </param>
          </params>
          <reporter-output>
          </reporter-output>
        </test-method> <!-- testPostUser -->
        <test-method signature="testPostUser(java.lang.String,java.lang.String,java.lang.String,java.lang.String,java.lang.String,java.lang.String,java.lang.String)[pri:1, instance:api.test.DDTests@2e61d218]" started-at="2024-10-10T16:53:49 PKT" name="testPostUser" data-provider="Data" finished-at="2024-10-10T16:53:50 PKT" duration-ms="952" status="PASS">
          <params>
            <param index="0">
              <value>
                <![CDATA[1030]]>
              </value>
            </param>
            <param index="1">
              <value>
                <![CDATA[testuser3]]>
              </value>
            </param>
            <param index="2">
              <value>
                <![CDATA[Sudais]]>
              </value>
            </param>
            <param index="3">
              <value>
                <![CDATA[Asif]]>
              </value>
            </param>
            <param index="4">
              <value>
                <![CDATA[c@gmail.com]]>
              </value>
            </param>
            <param index="5">
              <value>
                <![CDATA[pass@3]]>
              </value>
            </param>
            <param index="6">
              <value>
                <![CDATA[135791113]]>
              </value>
            </param>
          </params>
          <reporter-output>
          </reporter-output>
        </test-method> <!-- testPostUser -->
        <test-method signature="testDeleteUser(java.lang.String)[pri:2, instance:api.test.DDTests@2e61d218]" started-at="2024-10-10T16:53:50 PKT" name="testDeleteUser" data-provider="UserNames" finished-at="2024-10-10T16:53:51 PKT" duration-ms="1012" status="PASS">
          <params>
            <param index="0">
              <value>
                <![CDATA[testuser1]]>
              </value>
            </param>
          </params>
          <reporter-output>
          </reporter-output>
        </test-method> <!-- testDeleteUser -->
        <test-method signature="testDeleteUser(java.lang.String)[pri:2, instance:api.test.DDTests@2e61d218]" started-at="2024-10-10T16:53:51 PKT" name="testDeleteUser" data-provider="UserNames" finished-at="2024-10-10T16:53:52 PKT" duration-ms="1002" status="PASS">
          <params>
            <param index="0">
              <value>
                <![CDATA[testuser2]]>
              </value>
            </param>
          </params>
          <reporter-output>
          </reporter-output>
        </test-method> <!-- testDeleteUser -->
        <test-method signature="testDeleteUser(java.lang.String)[pri:2, instance:api.test.DDTests@2e61d218]" started-at="2024-10-10T16:53:52 PKT" name="testDeleteUser" data-provider="UserNames" finished-at="2024-10-10T16:53:53 PKT" duration-ms="961" status="PASS">
          <params>
            <param index="0">
              <value>
                <![CDATA[testuser3]]>
              </value>
            </param>
          </params>
          <reporter-output>
          </reporter-output>
        </test-method> <!-- testDeleteUser -->
      </class> <!-- api.test.DDTests -->
    </test> <!-- PetTests -->
  </suite> <!-- PetSuite -->
</testng-results>
