<?xml version="1.0" encoding="UTF-8"?>
<!-- Generated by org.testng.reporters.JUnitXMLReporter -->
<testsuite ignored="0" hostname="Faheem-Ahmed-Dell" failures="0" tests="10" name="PetTests" time="13.095" errors="0" timestamp="2024-10-10T16:53:54 PKT">
  <testcase classname="api.test.UserTests2" name="testPostUser" time="2.129"/>
  <testcase classname="api.test.UserTests2" name="testGetUserByName" time="1.058"/>
  <testcase classname="api.test.UserTests2" name="testUpdateUserByName" time="2.022"/>
  <testcase classname="api.test.UserTests2" name="testDeleteUserByName" time="1.028"/>
  <testcase classname="api.test.DDTests" name="testPostUser" time="0.973"/>
  <testcase classname="api.test.DDTests" name="testPostUser" time="1.009"/>
  <testcase classname="api.test.DDTests" name="testPostUser" time="0.952"/>
  <testcase classname="api.test.DDTests" name="testDeleteUser" time="1.012"/>
  <testcase classname="api.test.DDTests" name="testDeleteUser" time="1.002"/>
  <testcase classname="api.test.DDTests" name="testDeleteUser" time="0.961"/>
</testsuite> <!-- PetTests -->
