<?xml version="1.0" encoding="UTF-8"?>
<!-- Generated by org.testng.reporters.JUnitXMLReporter -->
<testsuite ignored="0" hostname="Faheem-Ahmed-Dell" failures="0" tests="10" name="PetTests" time="17.45" errors="0" timestamp="2024-10-22T16:14:58 PKT">
  <testcase classname="api.test.UserTests2" name="testPostUser" time="3.343"/>
  <testcase classname="api.test.UserTests2" name="testGetUserByName" time="1.103"/>
  <testcase classname="api.test.UserTests2" name="testUpdateUserByName" time="2.673"/>
  <testcase classname="api.test.UserTests2" name="testDeleteUserByName" time="1.046"/>
  <testcase classname="api.test.DDTests" name="testPostUser" time="1.135"/>
  <testcase classname="api.test.DDTests" name="testPostUser" time="1.135"/>
  <testcase classname="api.test.DDTests" name="testPostUser" time="1.217"/>
  <testcase classname="api.test.DDTests" name="testDeleteUser" time="1.129"/>
  <testcase classname="api.test.DDTests" name="testDeleteUser" time="0.989"/>
  <testcase classname="api.test.DDTests" name="testDeleteUser" time="1.34"/>
</testsuite> <!-- PetTests -->
